<?xml version="1.0" encoding="UTF-8"?>
<testsuite name="com.modekoo.parse.ParseApplicationTests" tests="2" skipped="0" failures="0" errors="0" timestamp="2026-03-07T06:19:05.746Z" hostname="DESKTOP-KGNE1R4" time="0.433">
  <properties/>
  <testcase name="testSample3()" classname="com.modekoo.parse.ParseApplicationTests" time="0.428"/>
  <testcase name="testSample()" classname="com.modekoo.parse.ParseApplicationTests" time="0.004"/>
  <system-out><![CDATA[15:19:04.621 [Test worker] INFO org.springframework.test.context.support.AnnotationConfigContextLoaderUtils -- Could not detect default configuration classes for test class [com.modekoo.parse.ParseApplicationTests]: ParseApplicationTests does not declare any static, non-private, non-final, nested classes annotated with @Configuration.
15:19:04.699 [Test worker] INFO org.springframework.boot.test.context.SpringBootTestContextBootstrapper -- Found @SpringBootConfiguration com.modekoo.parse.ParseApplication for test class com.modekoo.parse.ParseApplicationTests

  .   ____          _            __ _ _
 /\\ / ___'_ __ _ _(_)_ __  __ _ \ \ \ \
( ( )\___ | '_ | '_| | '_ \/ _` | \ \ \ \
 \\/  ___)| |_)| | | | | || (_| |  ) ) ) )
  '  |____| .__|_| |_|_| |_\__, | / / / /
 =========|_|==============|___/=/_/_/_/

 :: Spring Boot ::                (v3.5.7)

2026-03-07T15:19:05.013+09:00  INFO 17592 --- [parse] [    Test worker] c.modekoo.parse.ParseApplicationTests    : Starting ParseApplicationTests using Java 21.0.10 with PID 17592 (started by modek in E:\project\parse)
2026-03-07T15:19:05.014+09:00 DEBUG 17592 --- [parse] [    Test worker] c.modekoo.parse.ParseApplicationTests    : Running with Spring Boot v3.5.7, Spring v6.2.12
2026-03-07T15:19:05.014+09:00  INFO 17592 --- [parse] [    Test worker] c.modekoo.parse.ParseApplicationTests    : No active profile set, falling back to 1 default profile: "default"
2026-03-07T15:19:05.734+09:00  INFO 17592 --- [parse] [    Test worker] c.modekoo.parse.ParseApplicationTests    : Started ParseApplicationTests in 0.923 seconds (process running for 1.874)
2026-03-07T15:19:06.160+09:00 DEBUG 17592 --- [parse] [    Test worker] c.modekoo.parse.ParseApplicationTests    : transfer = {a={b={c={d=HELLO, e=12.0}, f=ABCD}, g=ZZ}, h=END}
2026-03-07T15:19:06.162+09:00 DEBUG 17592 --- [parse] [    Test worker] com.modekoo.parse.service.ParseService   : ParseServce > jsonToFlat
2026-03-07T15:19:06.164+09:00 DEBUG 17592 --- [parse] [    Test worker] com.modekoo.parse.service.ParseService   : key = name
2026-03-07T15:19:06.165+09:00 DEBUG 17592 --- [parse] [    Test worker] com.modekoo.parse.service.ParseService   : key = age
2026-03-07T15:19:06.165+09:00 DEBUG 17592 --- [parse] [    Test worker] c.modekoo.parse.ParseApplicationTests    : transfer =           000
2026-03-07T15:19:06.165+09:00 DEBUG 17592 --- [parse] [    Test worker] com.modekoo.parse.service.ParseService   : ParseService > flatToJson
2026-03-07T15:19:06.166+09:00 DEBUG 17592 --- [parse] [    Test worker] c.modekoo.parse.ParseApplicationTests    : {name=, age=0}
2026-03-07T15:19:06.176+09:00 DEBUG 17592 --- [parse] [    Test worker] com.modekoo.parse.service.ParseService   : ParseServce > jsonToFlat
2026-03-07T15:19:06.177+09:00 DEBUG 17592 --- [parse] [    Test worker] com.modekoo.parse.service.ParseService   : key = name
2026-03-07T15:19:06.177+09:00 DEBUG 17592 --- [parse] [    Test worker] com.modekoo.parse.service.ParseService   : key = age
2026-03-07T15:19:06.177+09:00 DEBUG 17592 --- [parse] [    Test worker] c.modekoo.parse.ParseApplicationTests    : transfer = modekoo   038
2026-03-07T15:19:06.177+09:00 DEBUG 17592 --- [parse] [    Test worker] com.modekoo.parse.service.ParseService   : ParseService > flatToJson
2026-03-07T15:19:06.178+09:00 DEBUG 17592 --- [parse] [    Test worker] c.modekoo.parse.ParseApplicationTests    : {name=modekoo, age=38}
]]></system-out>
  <system-err><![CDATA[Mockito is currently self-attaching to enable the inline-mock-maker. This will no longer work in future releases of the JDK. Please add Mockito as an agent to your build as described in Mockito's documentation: https://javadoc.io/doc/org.mockito/mockito-core/latest/org.mockito/org/mockito/Mockito.html#0.3
WARNING: A Java agent has been loaded dynamically (C:\Users\modek\.gradle\caches\modules-2\files-2.1\net.bytebuddy\byte-buddy-agent\1.17.8\f09415827a71be7ed621c7bd02550678f28bc81c\byte-buddy-agent-1.17.8.jar)
WARNING: If a serviceability tool is in use, please run with -XX:+EnableDynamicAgentLoading to hide this warning
WARNING: If a serviceability tool is not in use, please run with -Djdk.instrument.traceUsage for more information
WARNING: Dynamic loading of agents will be disallowed by default in a future release
]]></system-err>
</testsuite>
